


ARM Macro Assembler    Page 1 


    1 00000000         ;ques1
    2 00000000         ;AREA lab2, CODE, READONLY
    3 00000000         ;ENTRY
    4 00000000         ;MOV r0, pc
    5 00000000         ;END
    6 00000000         
    7 00000000         ;ques2
    8 00000000         ;AREA lab2, CODE, READONLY
    9 00000000         ;ENTRY
   10 00000000         ;LDR r1, [r0]
   11 00000000         ;LDR r2, = 0x12345678
   12 00000000         ;LDR r3, = 0x12
   13 00000000         ;END
   14 00000000         
   15 00000000         ;ques3
   16 00000000         ; AREA lab2, CODE, READONLY
   17 00000000         ; ENTRY
   18 00000000         ; LDR r3, X
   19 00000000         ; LDR r4, =X
   20 00000000         ; ADR r5, X
   21 00000000         ;loop B loop
   22 00000000         ;X DCD 0x70707070
   23 00000000         ; END
   24 00000000         
   25 00000000         ;ques4
   26 00000000                 AREA             prog1, CODE, READONLY
   27 00000000                 ENTRY
   28 00000000 E59F0000        LDR              r0, = 0x12345678
   29 00000004 EAFFFFFE 
                       loop    b                loop
   30 00000008 12345678        AREA             lab2, READONLY
   31 00000000 70707070 
                       X       DCD              0x70707070
   32 00000004                 END
Command Line: --debug --xref --bi --apcs=interwork --depend=.\lab2.d -o.\lab2.o
 -I"C:\Program Files (x86)\ARM simulator\ARM\RV31\INC" -I"C:\Program Files (x86
)\ARM simulator\ARM\CMSIS\Include" --predefine="__EVAL SETA 1" --list=.\lab2.ls
t lab2.s



ARM Macro Assembler    Page 1 Alphabetic symbol ordering
Relocatable symbols

loop 00000004

Symbol: loop
   Definitions
      At line 29 in file lab2.s
   Uses
      At line 29 in file lab2.s
Comment: loop used once
prog1 00000000

Symbol: prog1
   Definitions
      At line 26 in file lab2.s
   Uses
      None
Comment: prog1 unused
2 symbols



ARM Macro Assembler    Page 1 Alphabetic symbol ordering
Relocatable symbols

X 00000000

Symbol: X
   Definitions
      At line 31 in file lab2.s
   Uses
      None
Comment: X unused
lab2 00000000

Symbol: lab2
   Definitions
      At line 30 in file lab2.s
   Uses
      None
Comment: lab2 unused
2 symbols
337 symbols in table
