


ARM Macro Assembler    Page 1 


    1 00000000                 AREA             prog2, CODE, READONLY
    2 00000000                 ENTRY
    3 00000000         
    4 00000000         ;
    5 00000000         ;
    6 00000000         ;
    7 00000000         ;toLower is a constant
    8 00000000         
    9 00000000         
   10 00000000         
   11 00000000 E59F00A4        LDR              r0,=STRING  ;Set r0 to point to
                                                             the string
   12 00000004 E59F50A4        LDR              r5,=EoS     ;Set r5 to point to
                                                             EoS
   13 00000008 E3E01000        MOV              r1,#-1      ;make pointer in r1
                                                             to -1 (incremented
                                                             later to 0)
   14 0000000C         
   15 0000000C 00000020 
                       convLow EQU              32          ;Add 32 to convert 
                                                            uppercase to lowerc
                                                            ase letters in ASCI
                                                            I
   16 0000000C         
   17 0000000C         
   18 0000000C         LEN                                  ;LOOP
   19 0000000C E7D03002        LDRB             r3,[r0,r2]  ;Load a byte of the
                                                             string (character 
                                                            at position pointed
                                                             at by r2)
   20 00000010 E1530005        CMP              r3,r5       ;Check if the chara
                                                            cter is the null ch
                                                            aracter (end of str
                                                            ing)
   21 00000014 0A000001        BEQ              Check       ;If so, stop length
                                                             count and exit loo
                                                            p
   22 00000018 E2822001        ADD              r2,#1       ;Else, increment po
                                                            inter to point to n
                                                            ext character
   23 0000001C EAFFFFFA        B                LEN         ;UNTIL end of strin
                                                            g is reached & r2 p
                                                            oints at EoS
   24 00000020         
   25 00000020         
   26 00000020         Check                                ;Pointers of r1 and
                                                             r2 are located at 
                                                            opposite ends of th
                                                            e string
   27 00000020 E1510002        CMP              r1,r2       ;Check if pointers 
                                                            have crossed paths 
                                                            yet
   28 00000024 CA000017        BGT              CheckPal    ;If so, string is a
                                                             palindrome as lett
                                                            er pairs have all m
                                                            atched
   29 00000028 E2811001        ADD              r1,#1       ;Increment pointer 
                                                            at the start of the
                                                             string



ARM Macro Assembler    Page 2 


   30 0000002C E2422001        SUB              r2,#1       ;Decrement pointer 
                                                            at the end of the s
                                                            tring
   31 00000030         
   32 00000030         
   33 00000030         Char1                                ;LOOP
   34 00000030 E7D03001        LDRB             r3,[r0,r1]  ;Get character 1 at
                                                             position pointed a
                                                            t by r1
   35 00000034 E3530041        CMP              r3,#'A'     ;Check if character
                                                             1 is possibly not 
                                                            a letter
   36 00000038 B2811001        ADDLT            r1,#1       ;If possibly not a 
                                                            letter,  increment 
                                                            this pointer
   37 0000003C BAFFFFFB        BLT              Char1       ;Get next character
                                                            
   38 00000040         
   39 00000040 E353007A        CMP              r3,#'z'     ;Check if character
                                                             is greater than 'z
                                                            '
   40 00000044 C2811001        ADDGT            r1,#1       ;If so, character i
                                                            s not a letter so i
                                                            ncrement pointer an
                                                            d get next characte
                                                            r
   41 00000048 CAFFFFF8        BGT              Char1       ;UNTIL character is
                                                             a letter
   42 0000004C         
   43 0000004C E3530061        CMP              r3,#'a'     ;Check if character
                                                             1 is uppercase
   44 00000050 B2833020        ADDLT            r3,#convLow ;If so, add 32 to c
                                                            onvert character to
                                                             lowercase equivale
                                                            nt
   45 00000054         
   46 00000054         Char2                                ;LOOP
   47 00000054 E7D04002        LDRB             r4,[r0,r2]  ;Get character 2 at
                                                             position pointed a
                                                            t by r2
   48 00000058 E3540041        CMP              r4,#'A'     ;Check if character
                                                             2 is possibly not 
                                                            a letter
   49 0000005C B2422001        SUBLT            r2,#1       ;If possibly not a 
                                                            letter, decrement t
                                                            his pointer
   50 00000060 BAFFFFFB        BLT              Char2       ;Get next character
                                                            
   51 00000064         
   52 00000064 E354007A        CMP              r4, #'z'    ;Check if character
                                                             2 is greater than 
                                                            'z'
   53 00000068 C2422001        SUBGT            r2,#1       ;If so, character i
                                                            s not a letter so d
                                                            ecrement pointer an
                                                            d get next characte
                                                            r
   54 0000006C CAFFFFF8        BGT              Char2       ;UNTIL character is
                                                             a letter



ARM Macro Assembler    Page 3 


   55 00000070         
   56 00000070 E3540061        CMP              r4,#'a'     ;Check if character
                                                             2 is uppercase
   57 00000074 B2844020        ADDLT            r4,#convLow ;If so, add 32 to c
                                                            onvert character to
                                                             lowercase equivale
                                                            nt Now r3 and r4 co
                                                            ntain two lowercase
                                                             letters
   58 00000078         
   59 00000078 E1530004        CMP              r3,r4       ;Compare character 
                                                            1 and character 2
   60 0000007C 0AFFFFE7        BEQ              Check       ;If equal, the stri
                                                            ng is possibly a pa
                                                            lindrome. Continue 
                                                            comparing character
                                                             pairs. If they are
                                                             not equal, the str
                                                            ing is not a palind
                                                            rome
   61 00000080 E3A00000        MOV              r0,#0       ;Set r0 to 0 to ind
                                                            icating that the st
                                                            ring is not a palin
                                                            drome
   62 00000084         
   63 00000084         
   64 00000084 EA000000        B                Loop        ;Skip to end
   65 00000088         
   66 00000088         
   67 00000088 E3A00001 
                       CheckPal
                               MOV              r0,#1       ;Set r0 to 1 indica
                                                            ting that the strin
                                                            g is a palindrome
   68 0000008C         
   69 0000008C         
   70 0000008C EAFFFFFE 
                       Loop    B                Loop        ;End program with i
                                                            nfinite loop to pre
                                                            vent error
   71 00000090         
   72 00000090 48 65 20 
              6C 69 76 
              65 64 20 
              61 73 20 
              61 20 64 
              65 76 69 
              6C 2C 20 
              65 68 3F STRING  DCB              "He lived as a devil, eh?" 
                                                            ;string test value
   73 000000A8 00      EoS     DCB              0x00        ;End of string ASCI
                                                            I value
   74 000000A9         
   75 000000A9                 END
              00 00 00 
              00000000 
              00000000 
Command Line: --debug --xref --bi --apcs=interwork --depend=.\prog2.d -o.\prog2
.o -I"C:\Program Files (x86)\ARM simulator\ARM\RV31\INC" -I"C:\Program Files (x



ARM Macro Assembler    Page 4 


86)\ARM simulator\ARM\CMSIS\Include" --predefine="__EVAL SETA 1" --list=.\prog2
.lst prog2.s



ARM Macro Assembler    Page 1 Alphabetic symbol ordering
Relocatable symbols

Char1 00000030

Symbol: Char1
   Definitions
      At line 33 in file prog2.s
   Uses
      At line 37 in file prog2.s
      At line 41 in file prog2.s

Char2 00000054

Symbol: Char2
   Definitions
      At line 46 in file prog2.s
   Uses
      At line 50 in file prog2.s
      At line 54 in file prog2.s

Check 00000020

Symbol: Check
   Definitions
      At line 26 in file prog2.s
   Uses
      At line 21 in file prog2.s
      At line 60 in file prog2.s

CheckPal 00000088

Symbol: CheckPal
   Definitions
      At line 67 in file prog2.s
   Uses
      At line 28 in file prog2.s
Comment: CheckPal used once
EoS 000000A8

Symbol: EoS
   Definitions
      At line 73 in file prog2.s
   Uses
      At line 12 in file prog2.s
Comment: EoS used once
LEN 0000000C

Symbol: LEN
   Definitions
      At line 18 in file prog2.s
   Uses
      At line 23 in file prog2.s
Comment: LEN used once
Loop 0000008C

Symbol: Loop
   Definitions
      At line 70 in file prog2.s
   Uses
      At line 64 in file prog2.s
      At line 70 in file prog2.s



ARM Macro Assembler    Page 2 Alphabetic symbol ordering
Relocatable symbols


STRING 00000090

Symbol: STRING
   Definitions
      At line 72 in file prog2.s
   Uses
      At line 11 in file prog2.s
Comment: STRING used once
prog2 00000000

Symbol: prog2
   Definitions
      At line 1 in file prog2.s
   Uses
      None
Comment: prog2 unused
9 symbols



ARM Macro Assembler    Page 1 Alphabetic symbol ordering
Absolute symbols

convLow 00000020

Symbol: convLow
   Definitions
      At line 15 in file prog2.s
   Uses
      At line 44 in file prog2.s
      At line 57 in file prog2.s

1 symbol
343 symbols in table
