


ARM Macro Assembler    Page 1 


    1 00000000                 AREA             prog1, CODE, READWRITE
    2 00000000                 ENTRY
    3 00000000 E59F016C        LDR              r0, =STRING1 ;load address of s
                                                            tring1 into registe
                                                            r 0
    4 00000004 E59F116C        LDR              r1, =STRING2 ;load address of s
                                                            tring2 into registe
                                                            r 1
    5 00000008 E59F316C        LDR              r3, =STRING3 ;load address of s
                                                            tring3 into registe
                                                            r 3
    6 0000000C E59F5046        LDR              r5, EoS1    ;make r5 point to t
                                                            he EoS character
    7 00000010         
    8 00000010 E4D04001 
                       loopStr1
                               LDRB             r4, [r0], #1 ;load the first bi
                                                            t of string1 into r
                                                            4
    9 00000014         
   10 00000014         ;check if null character first
   11 00000014 E3540000        CMP              r4, #0x00   ;check to see if we
                                                             reached end of the
                                                             string
   12 00000018 0A000001        BEQ              loopStr2    ;if null then go to
                                                             next loop
   13 0000001C E4C34001        STRB             r4, [r3], #1 ;otherwise store t
                                                            hat character in r4
                                                             into string3
   14 00000020 EAFFFFFA        B                loopStr1    ;continue looping i
                                                            f haven't reached E
                                                            oS character
   15 00000024         
   16 00000024 E4D14001 
                       loopStr2
                               LDRB             r4, [r1], #1 ;load the first bi
                                                            t of string1 into r
                                                            4
   17 00000028 E3540000        CMP              r4, #0x00   ;check to see if we
                                                             reached end of the
                                                             string
   18 0000002C 0A000001        BEQ              theEnd      ;if null then we ar
                                                            e done copying the 
                                                            strings
   19 00000030 E4C34001        STRB             r4, [r3], #1 ;store that charac
                                                            ter in r4 into stri
                                                            ng3
   20 00000034 EAFFFFFA        B                loopStr2    ;continue looping i
                                                            f haven't reached E
                                                            oS character
   21 00000038         
   22 00000038         
   23 00000038         theEnd
   24 00000038 E4D54001        LDRB             r4, [r5], #1 ;load and store th
                                                            e EoS null characte
                                                            r into string3 to s
                                                            ignal the end of th
                                                            e string
   25 0000003C E5C34000        STRB             r4, [r3]



ARM Macro Assembler    Page 2 


   26 00000040         
   27 00000040 EAFFFFFE 
                       loop    b                loop
   28 00000044         
   29 00000044                 ALIGN
   30 00000044 54 68 69 
              73 20 69 
              73 20 61 
              20 74 65 
              73 74 20 
              73 74 72 
              69 6E 67 
              31       STRING1 DCB              "This is a test string1" 
                                                            ;String1
   31 0000005A 00      EoS1    DCB              0x00        ;end of string1
   32 0000005B 54 68 69 
              73 20 69 
              73 20 61 
              20 74 65 
              73 74 20 
              73 74 72 
              69 6E 67 
              32       STRING2 DCB              "This is a test string2" 
                                                            ;String
   33 00000071 00      EoS2    DCB              0x00        ;end of string2
   34 00000072 00 00 00 
              00 00 00 
              00 00 00 
              00 00 00 
              00 00 00 
              00 00 00 
              00 00 00 
              00 00 00 
              00 00 00 
              00 00 00 
              00 00 00 
              00 00 00 
              00 00 00 
              00 00 00 
              00 00 00 
              00 00 00 
              00 00 00 
              00 00 00 
              00 00 00 
              00 00 00 
              00 00 00 
              00 00 00 
              00 00 00 
              00 00 00 
              00 00 00 
              00 00 00 
              00 00 00 
              00 00 00 
              00 00 00 
              00 00 00 
              00 00 00 
              00 00 00 
              00 00 00 
              00 00 00 



ARM Macro Assembler    Page 3 


              00 00 00 
              00 00 00 
              00 00 00 
              00 00 00 
              00 00 00 
              00 00 00 
              00 00 00 
              00 00 00 
              00 00 00 
              00 00 00 
              00 00 00 
              00 00 00 
              00 00 00 
              00 00 00 
              00 00 00 
              00 00 00 
              00 00 00 
              00 00 00 
              00 00 00 
              00 00 00 
              00 00 00 
              00 00 00 
              00 00 00 
              00 00 00 
              00 00 00 
              00 00 00 
              00 00 00 
              00 00 00 
              00 00 00 
              00 00 00 
              00 00 00 
              00 00 00 
              00 00 00 
              00 00 00 
              00 00 00 
              00 00 00 
              00 00 00 
              00 00 00 
              00 00 00 
              00 00 00 
              00 00 00 
              00 00 00 
              00 00 00 
              00 00 00 
              00 00 00 
              00 00 00 
              00 00 00 
              00 00 00 
              00 00 00 
              00 00 00 
              00 00 00 STRING3 space            0xFF
   35 00000171                 END
              00 00 00 
              00000000 
              00000000 
              00000000 
Command Line: --debug --xref --bi --apcs=interwork --depend=.\prog1.d -o.\prog1
.o -I"C:\Program Files (x86)\ARM simulator\ARM\RV31\INC" -I"C:\Program Files (x
86)\ARM simulator\ARM\CMSIS\Include" --predefine="__EVAL SETA 1" --list=.\prog1



ARM Macro Assembler    Page 4 


.lst prog1.s



ARM Macro Assembler    Page 1 Alphabetic symbol ordering
Relocatable symbols

EoS1 0000005A

Symbol: EoS1
   Definitions
      At line 31 in file prog1.s
   Uses
      At line 6 in file prog1.s
Comment: EoS1 used once
EoS2 00000071

Symbol: EoS2
   Definitions
      At line 33 in file prog1.s
   Uses
      None
Comment: EoS2 unused
STRING1 00000044

Symbol: STRING1
   Definitions
      At line 30 in file prog1.s
   Uses
      At line 3 in file prog1.s
Comment: STRING1 used once
STRING2 0000005B

Symbol: STRING2
   Definitions
      At line 32 in file prog1.s
   Uses
      At line 4 in file prog1.s
Comment: STRING2 used once
STRING3 00000072

Symbol: STRING3
   Definitions
      At line 34 in file prog1.s
   Uses
      At line 5 in file prog1.s
Comment: STRING3 used once
loop 00000040

Symbol: loop
   Definitions
      At line 27 in file prog1.s
   Uses
      At line 27 in file prog1.s
Comment: loop used once
loopStr1 00000010

Symbol: loopStr1
   Definitions
      At line 8 in file prog1.s
   Uses
      At line 14 in file prog1.s
Comment: loopStr1 used once
loopStr2 00000024

Symbol: loopStr2



ARM Macro Assembler    Page 2 Alphabetic symbol ordering
Relocatable symbols

   Definitions
      At line 16 in file prog1.s
   Uses
      At line 12 in file prog1.s
      At line 20 in file prog1.s

prog1 00000000

Symbol: prog1
   Definitions
      At line 1 in file prog1.s
   Uses
      None
Comment: prog1 unused
theEnd 00000038

Symbol: theEnd
   Definitions
      At line 23 in file prog1.s
   Uses
      At line 18 in file prog1.s
Comment: theEnd used once
10 symbols
343 symbols in table
